2025-10-12 23:53:44 [error]: Database connection failed {"error":"connect ECONNREFUSED ::1:5432"}
2025-10-12 23:56:09 [error]: Database connection failed {"error":"connect ECONNREFUSED ::1:6543"}
2025-10-12 23:56:29 [error]: Database connection failed {"error":"connect ECONNREFUSED ::1:6543"}
2025-10-12 23:57:53 [error]: Database connection failed {"error":"connect ECONNREFUSED ::1:6543"}
2025-10-12 23:59:27 [error]: Database connection failed {"error":"connect ECONNREFUSED ::1:6543"}
2025-10-12 23:59:52 [error]: Database connection failed {"error":"connect ECONNREFUSED ::1:6543"}
2025-10-13 00:11:26 [error]: Database connection failed {"error":"connect ECONNREFUSED ::1:6543"}
2025-10-13 00:38:57 [error]: Post.fromDatabase is not a function {"path":"/api/v1/posts","method":"GET","ip":"127.0.0.1"}
TypeError: Post.fromDatabase is not a function
    at file:///C:/Users/HOME/Desktop/site/taiginsky/backend/src/infrastructure/repositories/PostRepository.js:29:37
    at Array.map (<anonymous>)
    at PostRepository.findAll (file:///C:/Users/HOME/Desktop/site/taiginsky/backend/src/infrastructure/repositories/PostRepository.js:29:18)
    at async GetPostsUseCase.execute (file:///C:/Users/HOME/Desktop/site/taiginsky/backend/src/application/use-cases/post/GetPostsUseCase.js:12:19)
    at async getPosts (file:///C:/Users/HOME/Desktop/site/taiginsky/backend/src/presentation/controllers/PostController.js:34:21)
2025-10-13 00:38:57 [error]: Post.fromDatabase is not a function {"path":"/api/v1/posts","method":"GET","ip":"127.0.0.1"}
TypeError: Post.fromDatabase is not a function
    at file:///C:/Users/HOME/Desktop/site/taiginsky/backend/src/infrastructure/repositories/PostRepository.js:29:37
    at Array.map (<anonymous>)
    at PostRepository.findAll (file:///C:/Users/HOME/Desktop/site/taiginsky/backend/src/infrastructure/repositories/PostRepository.js:29:18)
    at async GetPostsUseCase.execute (file:///C:/Users/HOME/Desktop/site/taiginsky/backend/src/application/use-cases/post/GetPostsUseCase.js:12:19)
    at async getPosts (file:///C:/Users/HOME/Desktop/site/taiginsky/backend/src/presentation/controllers/PostController.js:34:21)
2025-10-13 00:39:07 [error]: Post.fromDatabase is not a function {"path":"/api/v1/posts","method":"GET","ip":"127.0.0.1"}
TypeError: Post.fromDatabase is not a function
    at file:///C:/Users/HOME/Desktop/site/taiginsky/backend/src/infrastructure/repositories/PostRepository.js:29:37
    at Array.map (<anonymous>)
    at PostRepository.findAll (file:///C:/Users/HOME/Desktop/site/taiginsky/backend/src/infrastructure/repositories/PostRepository.js:29:18)
    at async GetPostsUseCase.execute (file:///C:/Users/HOME/Desktop/site/taiginsky/backend/src/application/use-cases/post/GetPostsUseCase.js:12:19)
    at async getPosts (file:///C:/Users/HOME/Desktop/site/taiginsky/backend/src/presentation/controllers/PostController.js:34:21)
2025-10-13 00:39:07 [error]: Post.fromDatabase is not a function {"path":"/api/v1/posts","method":"GET","ip":"127.0.0.1"}
TypeError: Post.fromDatabase is not a function
    at file:///C:/Users/HOME/Desktop/site/taiginsky/backend/src/infrastructure/repositories/PostRepository.js:29:37
    at Array.map (<anonymous>)
    at PostRepository.findAll (file:///C:/Users/HOME/Desktop/site/taiginsky/backend/src/infrastructure/repositories/PostRepository.js:29:18)
    at async GetPostsUseCase.execute (file:///C:/Users/HOME/Desktop/site/taiginsky/backend/src/application/use-cases/post/GetPostsUseCase.js:12:19)
    at async getPosts (file:///C:/Users/HOME/Desktop/site/taiginsky/backend/src/presentation/controllers/PostController.js:34:21)
2025-10-13 00:39:13 [error]: Post.fromDatabase is not a function {"path":"/api/v1/posts","method":"GET","ip":"127.0.0.1"}
TypeError: Post.fromDatabase is not a function
    at file:///C:/Users/HOME/Desktop/site/taiginsky/backend/src/infrastructure/repositories/PostRepository.js:29:37
    at Array.map (<anonymous>)
    at PostRepository.findAll (file:///C:/Users/HOME/Desktop/site/taiginsky/backend/src/infrastructure/repositories/PostRepository.js:29:18)
    at async GetPostsUseCase.execute (file:///C:/Users/HOME/Desktop/site/taiginsky/backend/src/application/use-cases/post/GetPostsUseCase.js:12:19)
    at async getPosts (file:///C:/Users/HOME/Desktop/site/taiginsky/backend/src/presentation/controllers/PostController.js:34:21)
2025-10-13 00:39:13 [error]: Post.fromDatabase is not a function {"path":"/api/v1/posts","method":"GET","ip":"127.0.0.1"}
TypeError: Post.fromDatabase is not a function
    at file:///C:/Users/HOME/Desktop/site/taiginsky/backend/src/infrastructure/repositories/PostRepository.js:29:37
    at Array.map (<anonymous>)
    at PostRepository.findAll (file:///C:/Users/HOME/Desktop/site/taiginsky/backend/src/infrastructure/repositories/PostRepository.js:29:18)
    at async GetPostsUseCase.execute (file:///C:/Users/HOME/Desktop/site/taiginsky/backend/src/application/use-cases/post/GetPostsUseCase.js:12:19)
    at async getPosts (file:///C:/Users/HOME/Desktop/site/taiginsky/backend/src/presentation/controllers/PostController.js:34:21)
2025-10-13 00:39:39 [error]: Post.fromDatabase is not a function {"path":"/api/v1/posts","method":"GET","ip":"127.0.0.1"}
TypeError: Post.fromDatabase is not a function
    at file:///C:/Users/HOME/Desktop/site/taiginsky/backend/src/infrastructure/repositories/PostRepository.js:29:37
    at Array.map (<anonymous>)
    at PostRepository.findAll (file:///C:/Users/HOME/Desktop/site/taiginsky/backend/src/infrastructure/repositories/PostRepository.js:29:18)
    at async GetPostsUseCase.execute (file:///C:/Users/HOME/Desktop/site/taiginsky/backend/src/application/use-cases/post/GetPostsUseCase.js:12:19)
    at async getPosts (file:///C:/Users/HOME/Desktop/site/taiginsky/backend/src/presentation/controllers/PostController.js:34:21)
2025-10-13 00:39:39 [error]: Post.fromDatabase is not a function {"path":"/api/v1/posts","method":"GET","ip":"127.0.0.1"}
TypeError: Post.fromDatabase is not a function
    at file:///C:/Users/HOME/Desktop/site/taiginsky/backend/src/infrastructure/repositories/PostRepository.js:29:37
    at Array.map (<anonymous>)
    at PostRepository.findAll (file:///C:/Users/HOME/Desktop/site/taiginsky/backend/src/infrastructure/repositories/PostRepository.js:29:18)
    at async GetPostsUseCase.execute (file:///C:/Users/HOME/Desktop/site/taiginsky/backend/src/application/use-cases/post/GetPostsUseCase.js:12:19)
    at async getPosts (file:///C:/Users/HOME/Desktop/site/taiginsky/backend/src/presentation/controllers/PostController.js:34:21)
